[2025-11-05T09:52:53.913+0000] {local_task_job_runner.py:123} INFO - ::group::Pre task execution logs
[2025-11-05T09:52:53.938+0000] {taskinstance.py:2612} INFO - Dependencies all met for dep_context=non-requeueable deps ti=<TaskInstance: e2e_pipeline.silver_process manual__2025-11-05T09:52:46.906461+00:00 [queued]>
[2025-11-05T09:52:53.956+0000] {taskinstance.py:2612} INFO - Dependencies all met for dep_context=requeueable deps ti=<TaskInstance: e2e_pipeline.silver_process manual__2025-11-05T09:52:46.906461+00:00 [queued]>
[2025-11-05T09:52:53.959+0000] {taskinstance.py:2865} INFO - Starting attempt 1 of 1
[2025-11-05T09:52:54.005+0000] {taskinstance.py:2888} INFO - Executing <Task(BashOperator): silver_process> on 2025-11-05 09:52:46.906461+00:00
[2025-11-05T09:52:54.012+0000] {standard_task_runner.py:72} INFO - Started process 670 to run task
[2025-11-05T09:52:54.019+0000] {standard_task_runner.py:104} INFO - Running: ['airflow', 'tasks', 'run', 'e2e_pipeline', 'silver_process', 'manual__2025-11-05T09:52:46.906461+00:00', '--job-id', '42', '--raw', '--subdir', 'DAGS_FOLDER/e2e_pipeline_dag.py', '--cfg-path', '/tmp/tmpvw846fmz']
[2025-11-05T09:52:54.029+0000] {standard_task_runner.py:105} INFO - Job 42: Subtask silver_process
[2025-11-05T09:52:54.163+0000] {task_command.py:467} INFO - Running <TaskInstance: e2e_pipeline.silver_process manual__2025-11-05T09:52:46.906461+00:00 [running]> on host 733ebcbf0503
[2025-11-05T09:52:54.358+0000] {taskinstance.py:3131} INFO - Exporting env vars: AIRFLOW_CTX_DAG_OWNER='airflow' AIRFLOW_CTX_DAG_ID='e2e_pipeline' AIRFLOW_CTX_TASK_ID='silver_process' AIRFLOW_CTX_EXECUTION_DATE='2025-11-05T09:52:46.906461+00:00' AIRFLOW_CTX_TRY_NUMBER='1' AIRFLOW_CTX_DAG_RUN_ID='manual__2025-11-05T09:52:46.906461+00:00'
[2025-11-05T09:52:54.360+0000] {taskinstance.py:731} INFO - ::endgroup::
[2025-11-05T09:52:54.374+0000] {subprocess.py:63} INFO - Tmp dir root location: /tmp
[2025-11-05T09:52:54.376+0000] {subprocess.py:75} INFO - Running command: ['/usr/bin/bash', '-c', 'python /opt/airflow/scripts/silver_process.py']
[2025-11-05T09:52:54.384+0000] {subprocess.py:86} INFO - Output:
[2025-11-05T09:52:56.833+0000] {subprocess.py:93} INFO - [silver] 读取：/opt/airflow/datamart/bronze/feature_store/demographic_df_noisy.csv
[2025-11-05T09:52:56.834+0000] {subprocess.py:93} INFO - [silver] 读取：/opt/airflow/datamart/bronze/feature_store/financial_df_noisy.csv
[2025-11-05T09:52:56.835+0000] {subprocess.py:93} INFO - [silver] 清洗 demographic_df_noisy ...
[2025-11-05T09:52:56.836+0000] {subprocess.py:93} INFO - [silver] 清洗 financial_df_noisy ...
[2025-11-05T09:52:56.836+0000] {subprocess.py:93} INFO - ✅ Cleaning service_df_noisy...
[2025-11-05T09:52:56.837+0000] {subprocess.py:93} INFO - ✅ Saved cleaned service to: /opt/airflow/datamart/silver/feature_store/service_df_clean.csv
[2025-11-05T09:52:56.838+0000] {subprocess.py:93} INFO - ✅ Cleaning contract_df_noisy...
[2025-11-05T09:52:56.838+0000] {subprocess.py:93} INFO - ✅ Saved cleaned contract to: /opt/airflow/datamart/silver/feature_store/contract_df_clean.csv
[2025-11-05T09:52:56.840+0000] {subprocess.py:93} INFO - [silver] ✅ 导出完成：
[2025-11-05T09:52:56.841+0000] {subprocess.py:93} INFO - [silver]  - /opt/airflow/datamart/silver/feature_store/demographic_df_clean.csv
[2025-11-05T09:52:56.842+0000] {subprocess.py:93} INFO - [silver]  - /opt/airflow/datamart/silver/feature_store/financial_df_clean.csv
[2025-11-05T09:52:56.878+0000] {subprocess.py:97} INFO - Command exited with return code 0
[2025-11-05T09:52:56.925+0000] {taskinstance.py:340} INFO - ::group::Post task execution logs
[2025-11-05T09:52:56.926+0000] {taskinstance.py:352} INFO - Marking task as SUCCESS. dag_id=e2e_pipeline, task_id=silver_process, run_id=manual__2025-11-05T09:52:46.906461+00:00, execution_date=20251105T095246, start_date=20251105T095253, end_date=20251105T095256
[2025-11-05T09:52:56.972+0000] {local_task_job_runner.py:266} INFO - Task exited with return code 0
[2025-11-05T09:52:57.006+0000] {taskinstance.py:3900} INFO - 1 downstream tasks scheduled from follow-on schedule check
[2025-11-05T09:52:57.018+0000] {local_task_job_runner.py:245} INFO - ::endgroup::
