[2025-11-05T09:40:46.994+0000] {local_task_job_runner.py:123} INFO - ::group::Pre task execution logs
[2025-11-05T09:40:47.009+0000] {taskinstance.py:2612} INFO - Dependencies all met for dep_context=non-requeueable deps ti=<TaskInstance: e2e_pipeline.logreg_train manual__2025-11-05T09:40:16.944660+00:00 [queued]>
[2025-11-05T09:40:47.022+0000] {taskinstance.py:2612} INFO - Dependencies all met for dep_context=requeueable deps ti=<TaskInstance: e2e_pipeline.logreg_train manual__2025-11-05T09:40:16.944660+00:00 [queued]>
[2025-11-05T09:40:47.024+0000] {taskinstance.py:2865} INFO - Starting attempt 1 of 1
[2025-11-05T09:40:47.058+0000] {taskinstance.py:2888} INFO - Executing <Task(BashOperator): logreg_train> on 2025-11-05 09:40:16.944660+00:00
[2025-11-05T09:40:47.064+0000] {standard_task_runner.py:72} INFO - Started process 978 to run task
[2025-11-05T09:40:47.069+0000] {standard_task_runner.py:104} INFO - Running: ['airflow', 'tasks', 'run', 'e2e_pipeline', 'logreg_train', 'manual__2025-11-05T09:40:16.944660+00:00', '--job-id', '48', '--raw', '--subdir', 'DAGS_FOLDER/e2e_pipeline_dag.py', '--cfg-path', '/tmp/tmp84l2yakr']
[2025-11-05T09:40:47.073+0000] {standard_task_runner.py:105} INFO - Job 48: Subtask logreg_train
[2025-11-05T09:40:47.163+0000] {task_command.py:467} INFO - Running <TaskInstance: e2e_pipeline.logreg_train manual__2025-11-05T09:40:16.944660+00:00 [running]> on host 9d186853eb29
[2025-11-05T09:40:47.279+0000] {taskinstance.py:3131} INFO - Exporting env vars: AIRFLOW_CTX_DAG_OWNER='airflow' AIRFLOW_CTX_DAG_ID='e2e_pipeline' AIRFLOW_CTX_TASK_ID='logreg_train' AIRFLOW_CTX_EXECUTION_DATE='2025-11-05T09:40:16.944660+00:00' AIRFLOW_CTX_TRY_NUMBER='1' AIRFLOW_CTX_DAG_RUN_ID='manual__2025-11-05T09:40:16.944660+00:00'
[2025-11-05T09:40:47.280+0000] {taskinstance.py:731} INFO - ::endgroup::
[2025-11-05T09:40:47.292+0000] {subprocess.py:63} INFO - Tmp dir root location: /tmp
[2025-11-05T09:40:47.295+0000] {subprocess.py:75} INFO - Running command: ['/usr/bin/bash', '-c', 'python /opt/airflow/scripts/logreg_train.py']
[2025-11-05T09:40:47.305+0000] {subprocess.py:86} INFO - Output:
[2025-11-05T09:40:53.099+0000] {subprocess.py:93} INFO - [logreg] ROOT=/opt/airflow
[2025-11-05T09:40:53.102+0000] {subprocess.py:93} INFO - [logreg] GOLD_DIR=/opt/airflow/datamart/gold
[2025-11-05T09:40:53.103+0000] {subprocess.py:93} INFO - [logreg] OUT_DIR=/opt/airflow/model_bank/logreg
[2025-11-05T09:40:53.105+0000] {subprocess.py:93} INFO - ✅ 模型已保存到：model_bank/logreg/logreg_model.joblib
[2025-11-05T09:40:53.106+0000] {subprocess.py:93} INFO - 
[2025-11-05T09:40:53.107+0000] {subprocess.py:93} INFO - ==================================================================
[2025-11-05T09:40:53.108+0000] {subprocess.py:93} INFO - TRAIN Set 评估:
[2025-11-05T09:40:53.109+0000] {subprocess.py:93} INFO -               precision    recall  f1-score   support
[2025-11-05T09:40:53.110+0000] {subprocess.py:93} INFO - 
[2025-11-05T09:40:53.111+0000] {subprocess.py:93} INFO -     No Churn       0.91      0.72      0.80      1152
[2025-11-05T09:40:53.112+0000] {subprocess.py:93} INFO -        Churn       0.51      0.81      0.63       421
[2025-11-05T09:40:53.113+0000] {subprocess.py:93} INFO - 
[2025-11-05T09:40:53.113+0000] {subprocess.py:93} INFO -     accuracy                           0.74      1573
[2025-11-05T09:40:53.114+0000] {subprocess.py:93} INFO -    macro avg       0.71      0.76      0.72      1573
[2025-11-05T09:40:53.115+0000] {subprocess.py:93} INFO - weighted avg       0.81      0.74      0.76      1573
[2025-11-05T09:40:53.116+0000] {subprocess.py:93} INFO - 
[2025-11-05T09:40:53.116+0000] {subprocess.py:93} INFO - Accuracy: 0.7438
[2025-11-05T09:40:53.117+0000] {subprocess.py:93} INFO - AUC-ROC: 0.843
[2025-11-05T09:40:53.118+0000] {subprocess.py:93} INFO - 混淆矩阵: [[829, 323], [80, 341]]
[2025-11-05T09:40:53.119+0000] {subprocess.py:93} INFO - TN: 829  FP: 323  FN: 80  TP: 341
[2025-11-05T09:40:53.120+0000] {subprocess.py:93} INFO - [logreg] ROOT=/opt/airflow
[2025-11-05T09:40:53.121+0000] {subprocess.py:93} INFO - [logreg] GOLD_DIR=/opt/airflow/datamart/gold
[2025-11-05T09:40:53.121+0000] {subprocess.py:93} INFO - [logreg] OUT_DIR=/opt/airflow/model_bank/logreg
[2025-11-05T09:40:53.122+0000] {subprocess.py:93} INFO - ✅ 模型已保存到：model_bank/logreg/logreg_model.joblib
[2025-11-05T09:40:53.124+0000] {subprocess.py:93} INFO - 
[2025-11-05T09:40:53.125+0000] {subprocess.py:93} INFO - ==================================================================
[2025-11-05T09:40:53.126+0000] {subprocess.py:93} INFO - TRAIN Set 评估:
[2025-11-05T09:40:53.127+0000] {subprocess.py:93} INFO -               precision    recall  f1-score   support
[2025-11-05T09:40:53.127+0000] {subprocess.py:93} INFO - 
[2025-11-05T09:40:53.128+0000] {subprocess.py:93} INFO -     No Churn       0.91      0.72      0.80      1152
[2025-11-05T09:40:53.129+0000] {subprocess.py:93} INFO -        Churn       0.51      0.81      0.63       421
[2025-11-05T09:40:53.130+0000] {subprocess.py:93} INFO - 
[2025-11-05T09:40:53.131+0000] {subprocess.py:93} INFO -     accuracy                           0.74      1573
[2025-11-05T09:40:53.132+0000] {subprocess.py:93} INFO -    macro avg       0.71      0.76      0.72      1573
[2025-11-05T09:40:53.133+0000] {subprocess.py:93} INFO - weighted avg       0.81      0.74      0.76      1573
[2025-11-05T09:40:53.134+0000] {subprocess.py:93} INFO - 
[2025-11-05T09:40:53.135+0000] {subprocess.py:93} INFO - Accuracy: 0.7438
[2025-11-05T09:40:53.136+0000] {subprocess.py:93} INFO - AUC-ROC: 0.843
[2025-11-05T09:40:53.137+0000] {subprocess.py:93} INFO - 混淆矩阵: [[829, 323], [80, 341]]
[2025-11-05T09:40:53.137+0000] {subprocess.py:93} INFO - TN: 829  FP: 323  FN: 80  TP: 341
[2025-11-05T09:40:53.204+0000] {subprocess.py:97} INFO - Command exited with return code 0
[2025-11-05T09:40:53.242+0000] {taskinstance.py:340} INFO - ::group::Post task execution logs
[2025-11-05T09:40:53.243+0000] {taskinstance.py:352} INFO - Marking task as SUCCESS. dag_id=e2e_pipeline, task_id=logreg_train, run_id=manual__2025-11-05T09:40:16.944660+00:00, execution_date=20251105T094016, start_date=20251105T094047, end_date=20251105T094053
[2025-11-05T09:40:53.282+0000] {local_task_job_runner.py:266} INFO - Task exited with return code 0
[2025-11-05T09:40:53.305+0000] {taskinstance.py:3900} INFO - 0 downstream tasks scheduled from follow-on schedule check
[2025-11-05T09:40:53.306+0000] {local_task_job_runner.py:245} INFO - ::endgroup::
