[2025-11-05T08:18:22.955+0000] {local_task_job_runner.py:123} INFO - ::group::Pre task execution logs
[2025-11-05T08:18:22.966+0000] {taskinstance.py:2612} INFO - Dependencies all met for dep_context=non-requeueable deps ti=<TaskInstance: e2e_pipeline.bronze_process manual__2025-11-05T08:08:55.279656+00:00 [queued]>
[2025-11-05T08:18:22.975+0000] {taskinstance.py:2612} INFO - Dependencies all met for dep_context=requeueable deps ti=<TaskInstance: e2e_pipeline.bronze_process manual__2025-11-05T08:08:55.279656+00:00 [queued]>
[2025-11-05T08:18:22.976+0000] {taskinstance.py:2865} INFO - Starting attempt 4 of 4
[2025-11-05T08:18:23.005+0000] {taskinstance.py:2888} INFO - Executing <Task(BashOperator): bronze_process> on 2025-11-05 08:08:55.279656+00:00
[2025-11-05T08:18:23.010+0000] {standard_task_runner.py:72} INFO - Started process 174 to run task
[2025-11-05T08:18:23.013+0000] {standard_task_runner.py:104} INFO - Running: ['airflow', 'tasks', 'run', 'e2e_pipeline', 'bronze_process', 'manual__2025-11-05T08:08:55.279656+00:00', '--job-id', '6', '--raw', '--subdir', 'DAGS_FOLDER/e2e_pipeline_dag.py', '--cfg-path', '/tmp/tmp7dmx8tqc']
[2025-11-05T08:18:23.015+0000] {standard_task_runner.py:105} INFO - Job 6: Subtask bronze_process
[2025-11-05T08:18:23.116+0000] {task_command.py:467} INFO - Running <TaskInstance: e2e_pipeline.bronze_process manual__2025-11-05T08:08:55.279656+00:00 [running]> on host 76ef3002a578
[2025-11-05T08:18:23.217+0000] {taskinstance.py:3131} INFO - Exporting env vars: AIRFLOW_CTX_DAG_OWNER='airflow' AIRFLOW_CTX_DAG_ID='e2e_pipeline' AIRFLOW_CTX_TASK_ID='bronze_process' AIRFLOW_CTX_EXECUTION_DATE='2025-11-05T08:08:55.279656+00:00' AIRFLOW_CTX_TRY_NUMBER='4' AIRFLOW_CTX_DAG_RUN_ID='manual__2025-11-05T08:08:55.279656+00:00'
[2025-11-05T08:18:23.218+0000] {taskinstance.py:731} INFO - ::endgroup::
[2025-11-05T08:18:23.232+0000] {subprocess.py:63} INFO - Tmp dir root location: /tmp
[2025-11-05T08:18:23.233+0000] {subprocess.py:75} INFO - Running command: ['/usr/bin/bash', '-c', 'python /opt/airflow/scripts/bronze_process.py']
[2025-11-05T08:18:23.239+0000] {subprocess.py:86} INFO - Output:
[2025-11-05T08:18:24.287+0000] {subprocess.py:93} INFO - [bronze] 数据目录：/opt/airflow/data
[2025-11-05T08:18:24.287+0000] {subprocess.py:93} INFO - [bronze] lable输出目录：/opt/airflow/datamart/bronze/label_store
[2025-11-05T08:18:24.287+0000] {subprocess.py:93} INFO - [bronze] feature输出目录：/opt/airflow/datamart/bronze/feature_store
[2025-11-05T08:18:24.288+0000] {subprocess.py:93} INFO - [bronze] 使用标签文件：label.csv
[2025-11-05T08:18:24.288+0000] {subprocess.py:93} INFO - [bronze] 已写出：/opt/airflow/datamart/bronze/label_store/lable_2023_02_01.csv
[2025-11-05T08:18:24.288+0000] {subprocess.py:93} INFO - [bronze] 已写出：/opt/airflow/datamart/bronze/label_store/lable_2023_03_01.csv
[2025-11-05T08:18:24.288+0000] {subprocess.py:93} INFO - [bronze] 已写出：/opt/airflow/datamart/bronze/label_store/lable_2023_04_01.csv
[2025-11-05T08:18:24.289+0000] {subprocess.py:93} INFO - [bronze] 已写出：/opt/airflow/datamart/bronze/label_store/lable_2023_05_01.csv
[2025-11-05T08:18:24.289+0000] {subprocess.py:93} INFO - [bronze] 已写出：/opt/airflow/datamart/bronze/label_store/lable_2023_06_01.csv
[2025-11-05T08:18:24.289+0000] {subprocess.py:93} INFO - [bronze] 已写出：/opt/airflow/datamart/bronze/label_store/lable_2023_07_01.csv
[2025-11-05T08:18:24.289+0000] {subprocess.py:93} INFO - [bronze] 已写出：/opt/airflow/datamart/bronze/label_store/lable_2023_08_01.csv
[2025-11-05T08:18:24.289+0000] {subprocess.py:93} INFO - [bronze] 已写出：/opt/airflow/datamart/bronze/label_store/lable_2023_09_01.csv
[2025-11-05T08:18:24.290+0000] {subprocess.py:93} INFO - [bronze] 已写出：/opt/airflow/datamart/bronze/label_store/lable_2023_10_01.csv
[2025-11-05T08:18:24.290+0000] {subprocess.py:93} INFO - [bronze] 已写出：/opt/airflow/datamart/bronze/label_store/lable_2023_11_01.csv
[2025-11-05T08:18:24.290+0000] {subprocess.py:93} INFO - [bronze] 已写出：/opt/airflow/datamart/bronze/label_store/lable_2023_12_01.csv
[2025-11-05T08:18:24.290+0000] {subprocess.py:93} INFO - [bronze] 已写出：/opt/airflow/datamart/bronze/label_store/lable_2024_01_01.csv
[2025-11-05T08:18:24.291+0000] {subprocess.py:93} INFO - [bronze] 已写出：/opt/airflow/datamart/bronze/label_store/lable_2024_02_01.csv
[2025-11-05T08:18:24.291+0000] {subprocess.py:93} INFO - [bronze] 已写出：/opt/airflow/datamart/bronze/label_store/lable_2024_03_01.csv
[2025-11-05T08:18:24.291+0000] {subprocess.py:93} INFO - [bronze] 已写出：/opt/airflow/datamart/bronze/label_store/lable_2024_04_01.csv
[2025-11-05T08:18:24.292+0000] {subprocess.py:93} INFO - [bronze] 已写出：/opt/airflow/datamart/bronze/label_store/lable_2024_05_01.csv
[2025-11-05T08:18:24.292+0000] {subprocess.py:93} INFO - [bronze] 已写出：/opt/airflow/datamart/bronze/label_store/lable_2024_06_01.csv
[2025-11-05T08:18:24.292+0000] {subprocess.py:93} INFO - [bronze] 已写出：/opt/airflow/datamart/bronze/label_store/lable_2024_07_01.csv
[2025-11-05T08:18:24.293+0000] {subprocess.py:93} INFO - [bronze] 已写出：/opt/airflow/datamart/bronze/label_store/lable_2024_08_01.csv
[2025-11-05T08:18:24.293+0000] {subprocess.py:93} INFO - [bronze] 已写出：/opt/airflow/datamart/bronze/label_store/lable_2024_09_01.csv
[2025-11-05T08:18:24.293+0000] {subprocess.py:93} INFO - [bronze] 共生成 20 个分片文件。
[2025-11-05T08:18:24.293+0000] {subprocess.py:93} INFO - Traceback (most recent call last):
[2025-11-05T08:18:24.293+0000] {subprocess.py:93} INFO -   File "/opt/airflow/scripts/bronze_process.py", line 166, in <module>
[2025-11-05T08:18:24.294+0000] {subprocess.py:93} INFO -     main()
[2025-11-05T08:18:24.294+0000] {subprocess.py:93} INFO -   File "/opt/airflow/scripts/bronze_process.py", line 160, in main
[2025-11-05T08:18:24.294+0000] {subprocess.py:93} INFO -     copy_feature_file(DATA_DIR, BRONZE_DIR_FEATURE)
[2025-11-05T08:18:24.295+0000] {subprocess.py:93} INFO -   File "/opt/airflow/scripts/bronze_process.py", line 122, in copy_feature_file
[2025-11-05T08:18:24.295+0000] {subprocess.py:93} INFO -     shutil.copy2(src, dst)
[2025-11-05T08:18:24.295+0000] {subprocess.py:93} INFO -   File "/usr/local/lib/python3.12/shutil.py", line 476, in copy2
[2025-11-05T08:18:24.295+0000] {subprocess.py:93} INFO -     copystat(src, dst, follow_symlinks=follow_symlinks)
[2025-11-05T08:18:24.296+0000] {subprocess.py:93} INFO -   File "/usr/local/lib/python3.12/shutil.py", line 384, in copystat
[2025-11-05T08:18:24.296+0000] {subprocess.py:93} INFO -     lookup("utime")(dst, ns=(st.st_atime_ns, st.st_mtime_ns),
[2025-11-05T08:18:24.296+0000] {subprocess.py:93} INFO - PermissionError: [Errno 1] Operation not permitted
[2025-11-05T08:18:24.349+0000] {subprocess.py:97} INFO - Command exited with return code 1
[2025-11-05T08:18:24.360+0000] {taskinstance.py:3310} ERROR - Task failed with exception
Traceback (most recent call last):
  File "/home/airflow/.local/lib/python3.12/site-packages/airflow/models/taskinstance.py", line 767, in _execute_task
    result = _execute_callable(context=context, **execute_callable_kwargs)
             ^^^^^^^^^^^^^^^^^^^^^^^^^^^^^^^^^^^^^^^^^^^^^^^^^^^^^^^^^^^^^
  File "/home/airflow/.local/lib/python3.12/site-packages/airflow/models/taskinstance.py", line 733, in _execute_callable
    return ExecutionCallableRunner(
           ^^^^^^^^^^^^^^^^^^^^^^^^
  File "/home/airflow/.local/lib/python3.12/site-packages/airflow/utils/operator_helpers.py", line 252, in run
    return self.func(*args, **kwargs)
           ^^^^^^^^^^^^^^^^^^^^^^^^^^
  File "/home/airflow/.local/lib/python3.12/site-packages/airflow/models/baseoperator.py", line 406, in wrapper
    return func(self, *args, **kwargs)
           ^^^^^^^^^^^^^^^^^^^^^^^^^^^
  File "/home/airflow/.local/lib/python3.12/site-packages/airflow/operators/bash.py", line 249, in execute
    raise AirflowException(
airflow.exceptions.AirflowException: Bash command failed. The command returned a non-zero exit code 1.
[2025-11-05T08:18:24.365+0000] {taskinstance.py:1225} INFO - Marking task as FAILED. dag_id=e2e_pipeline, task_id=bronze_process, run_id=manual__2025-11-05T08:08:55.279656+00:00, execution_date=20251105T080855, start_date=20251105T081822, end_date=20251105T081824
[2025-11-05T08:18:24.399+0000] {taskinstance.py:340} INFO - ::group::Post task execution logs
[2025-11-05T08:18:24.399+0000] {standard_task_runner.py:124} ERROR - Failed to execute job 6 for task bronze_process (Bash command failed. The command returned a non-zero exit code 1.; 174)
Traceback (most recent call last):
  File "/home/airflow/.local/lib/python3.12/site-packages/airflow/task/task_runner/standard_task_runner.py", line 117, in _start_by_fork
    ret = args.func(args, dag=self.dag)
          ^^^^^^^^^^^^^^^^^^^^^^^^^^^^^
  File "/home/airflow/.local/lib/python3.12/site-packages/airflow/cli/cli_config.py", line 49, in command
    return func(*args, **kwargs)
           ^^^^^^^^^^^^^^^^^^^^^
  File "/home/airflow/.local/lib/python3.12/site-packages/airflow/utils/cli.py", line 115, in wrapper
    return f(*args, **kwargs)
           ^^^^^^^^^^^^^^^^^^
  File "/home/airflow/.local/lib/python3.12/site-packages/airflow/cli/commands/task_command.py", line 483, in task_run
    task_return_code = _run_task_by_selected_method(args, _dag, ti)
                       ^^^^^^^^^^^^^^^^^^^^^^^^^^^^^^^^^^^^^^^^^^^^
  File "/home/airflow/.local/lib/python3.12/site-packages/airflow/cli/commands/task_command.py", line 256, in _run_task_by_selected_method
    return _run_raw_task(args, ti)
           ^^^^^^^^^^^^^^^^^^^^^^^
  File "/home/airflow/.local/lib/python3.12/site-packages/airflow/cli/commands/task_command.py", line 341, in _run_raw_task
    return ti._run_raw_task(
           ^^^^^^^^^^^^^^^^^
  File "/home/airflow/.local/lib/python3.12/site-packages/airflow/utils/session.py", line 97, in wrapper
    return func(*args, session=session, **kwargs)
           ^^^^^^^^^^^^^^^^^^^^^^^^^^^^^^^^^^^^^^
  File "/home/airflow/.local/lib/python3.12/site-packages/airflow/models/taskinstance.py", line 3004, in _run_raw_task
    return _run_raw_task(
           ^^^^^^^^^^^^^^
  File "/home/airflow/.local/lib/python3.12/site-packages/airflow/models/taskinstance.py", line 273, in _run_raw_task
    TaskInstance._execute_task_with_callbacks(
  File "/home/airflow/.local/lib/python3.12/site-packages/airflow/models/taskinstance.py", line 3158, in _execute_task_with_callbacks
    result = self._execute_task(context, task_orig)
             ^^^^^^^^^^^^^^^^^^^^^^^^^^^^^^^^^^^^^^
  File "/home/airflow/.local/lib/python3.12/site-packages/airflow/models/taskinstance.py", line 3182, in _execute_task
    return _execute_task(self, context, task_orig)
           ^^^^^^^^^^^^^^^^^^^^^^^^^^^^^^^^^^^^^^^
  File "/home/airflow/.local/lib/python3.12/site-packages/airflow/models/taskinstance.py", line 767, in _execute_task
    result = _execute_callable(context=context, **execute_callable_kwargs)
             ^^^^^^^^^^^^^^^^^^^^^^^^^^^^^^^^^^^^^^^^^^^^^^^^^^^^^^^^^^^^^
  File "/home/airflow/.local/lib/python3.12/site-packages/airflow/models/taskinstance.py", line 733, in _execute_callable
    return ExecutionCallableRunner(
           ^^^^^^^^^^^^^^^^^^^^^^^^
  File "/home/airflow/.local/lib/python3.12/site-packages/airflow/utils/operator_helpers.py", line 252, in run
    return self.func(*args, **kwargs)
           ^^^^^^^^^^^^^^^^^^^^^^^^^^
  File "/home/airflow/.local/lib/python3.12/site-packages/airflow/models/baseoperator.py", line 406, in wrapper
    return func(self, *args, **kwargs)
           ^^^^^^^^^^^^^^^^^^^^^^^^^^^
  File "/home/airflow/.local/lib/python3.12/site-packages/airflow/operators/bash.py", line 249, in execute
    raise AirflowException(
airflow.exceptions.AirflowException: Bash command failed. The command returned a non-zero exit code 1.
[2025-11-05T08:18:24.429+0000] {local_task_job_runner.py:266} INFO - Task exited with return code 1
[2025-11-05T08:18:24.457+0000] {taskinstance.py:3900} INFO - 0 downstream tasks scheduled from follow-on schedule check
[2025-11-05T08:18:24.477+0000] {local_task_job_runner.py:245} INFO - ::endgroup::
