[2025-11-05T09:40:19.962+0000] {local_task_job_runner.py:123} INFO - ::group::Pre task execution logs
[2025-11-05T09:40:19.977+0000] {taskinstance.py:2612} INFO - Dependencies all met for dep_context=non-requeueable deps ti=<TaskInstance: e2e_pipeline.bronze_process manual__2025-11-05T09:40:16.944660+00:00 [queued]>
[2025-11-05T09:40:19.994+0000] {taskinstance.py:2612} INFO - Dependencies all met for dep_context=requeueable deps ti=<TaskInstance: e2e_pipeline.bronze_process manual__2025-11-05T09:40:16.944660+00:00 [queued]>
[2025-11-05T09:40:19.995+0000] {taskinstance.py:2865} INFO - Starting attempt 1 of 1
[2025-11-05T09:40:20.029+0000] {taskinstance.py:2888} INFO - Executing <Task(BashOperator): bronze_process> on 2025-11-05 09:40:16.944660+00:00
[2025-11-05T09:40:20.035+0000] {standard_task_runner.py:72} INFO - Started process 872 to run task
[2025-11-05T09:40:20.040+0000] {standard_task_runner.py:104} INFO - Running: ['airflow', 'tasks', 'run', 'e2e_pipeline', 'bronze_process', 'manual__2025-11-05T09:40:16.944660+00:00', '--job-id', '45', '--raw', '--subdir', 'DAGS_FOLDER/e2e_pipeline_dag.py', '--cfg-path', '/tmp/tmpdoxm_lcx']
[2025-11-05T09:40:20.044+0000] {standard_task_runner.py:105} INFO - Job 45: Subtask bronze_process
[2025-11-05T09:40:20.139+0000] {task_command.py:467} INFO - Running <TaskInstance: e2e_pipeline.bronze_process manual__2025-11-05T09:40:16.944660+00:00 [running]> on host 9d186853eb29
[2025-11-05T09:40:20.244+0000] {taskinstance.py:3131} INFO - Exporting env vars: AIRFLOW_CTX_DAG_OWNER='airflow' AIRFLOW_CTX_DAG_ID='e2e_pipeline' AIRFLOW_CTX_TASK_ID='bronze_process' AIRFLOW_CTX_EXECUTION_DATE='2025-11-05T09:40:16.944660+00:00' AIRFLOW_CTX_TRY_NUMBER='1' AIRFLOW_CTX_DAG_RUN_ID='manual__2025-11-05T09:40:16.944660+00:00'
[2025-11-05T09:40:20.246+0000] {taskinstance.py:731} INFO - ::endgroup::
[2025-11-05T09:40:20.258+0000] {subprocess.py:63} INFO - Tmp dir root location: /tmp
[2025-11-05T09:40:20.260+0000] {subprocess.py:75} INFO - Running command: ['/usr/bin/bash', '-c', 'python /opt/airflow/scripts/bronze_process.py']
[2025-11-05T09:40:20.269+0000] {subprocess.py:86} INFO - Output:
[2025-11-05T09:40:21.324+0000] {subprocess.py:93} INFO - [bronze] 数据目录：/opt/airflow/data
[2025-11-05T09:40:21.331+0000] {subprocess.py:93} INFO - [bronze] lable输出目录：/opt/airflow/datamart/bronze/label_store
[2025-11-05T09:40:21.332+0000] {subprocess.py:93} INFO - [bronze] feature输出目录：/opt/airflow/datamart/bronze/feature_store
[2025-11-05T09:40:21.332+0000] {subprocess.py:93} INFO - [bronze] 使用标签文件：label.csv
[2025-11-05T09:40:21.333+0000] {subprocess.py:93} INFO - [bronze] 已写出：/opt/airflow/datamart/bronze/label_store/lable_2023_02_01.csv
[2025-11-05T09:40:21.335+0000] {subprocess.py:93} INFO - [bronze] 已写出：/opt/airflow/datamart/bronze/label_store/lable_2023_03_01.csv
[2025-11-05T09:40:21.336+0000] {subprocess.py:93} INFO - [bronze] 已写出：/opt/airflow/datamart/bronze/label_store/lable_2023_04_01.csv
[2025-11-05T09:40:21.337+0000] {subprocess.py:93} INFO - [bronze] 已写出：/opt/airflow/datamart/bronze/label_store/lable_2023_05_01.csv
[2025-11-05T09:40:21.337+0000] {subprocess.py:93} INFO - [bronze] 已写出：/opt/airflow/datamart/bronze/label_store/lable_2023_06_01.csv
[2025-11-05T09:40:21.338+0000] {subprocess.py:93} INFO - [bronze] 已写出：/opt/airflow/datamart/bronze/label_store/lable_2023_07_01.csv
[2025-11-05T09:40:21.339+0000] {subprocess.py:93} INFO - [bronze] 已写出：/opt/airflow/datamart/bronze/label_store/lable_2023_08_01.csv
[2025-11-05T09:40:21.339+0000] {subprocess.py:93} INFO - [bronze] 已写出：/opt/airflow/datamart/bronze/label_store/lable_2023_09_01.csv
[2025-11-05T09:40:21.340+0000] {subprocess.py:93} INFO - [bronze] 已写出：/opt/airflow/datamart/bronze/label_store/lable_2023_10_01.csv
[2025-11-05T09:40:21.341+0000] {subprocess.py:93} INFO - [bronze] 已写出：/opt/airflow/datamart/bronze/label_store/lable_2023_11_01.csv
[2025-11-05T09:40:21.343+0000] {subprocess.py:93} INFO - [bronze] 已写出：/opt/airflow/datamart/bronze/label_store/lable_2023_12_01.csv
[2025-11-05T09:40:21.343+0000] {subprocess.py:93} INFO - [bronze] 已写出：/opt/airflow/datamart/bronze/label_store/lable_2024_01_01.csv
[2025-11-05T09:40:21.344+0000] {subprocess.py:93} INFO - [bronze] 已写出：/opt/airflow/datamart/bronze/label_store/lable_2024_02_01.csv
[2025-11-05T09:40:21.344+0000] {subprocess.py:93} INFO - [bronze] 已写出：/opt/airflow/datamart/bronze/label_store/lable_2024_03_01.csv
[2025-11-05T09:40:21.345+0000] {subprocess.py:93} INFO - [bronze] 已写出：/opt/airflow/datamart/bronze/label_store/lable_2024_04_01.csv
[2025-11-05T09:40:21.346+0000] {subprocess.py:93} INFO - [bronze] 已写出：/opt/airflow/datamart/bronze/label_store/lable_2024_05_01.csv
[2025-11-05T09:40:21.347+0000] {subprocess.py:93} INFO - [bronze] 已写出：/opt/airflow/datamart/bronze/label_store/lable_2024_06_01.csv
[2025-11-05T09:40:21.348+0000] {subprocess.py:93} INFO - [bronze] 已写出：/opt/airflow/datamart/bronze/label_store/lable_2024_07_01.csv
[2025-11-05T09:40:21.349+0000] {subprocess.py:93} INFO - [bronze] 已写出：/opt/airflow/datamart/bronze/label_store/lable_2024_08_01.csv
[2025-11-05T09:40:21.350+0000] {subprocess.py:93} INFO - [bronze] 已写出：/opt/airflow/datamart/bronze/label_store/lable_2024_09_01.csv
[2025-11-05T09:40:21.351+0000] {subprocess.py:93} INFO - [bronze] 共生成 20 个分片文件。
[2025-11-05T09:40:21.352+0000] {subprocess.py:93} INFO - [bronze] 已复制 feature.csv 到：/opt/airflow/datamart/bronze/feature_store/demographic_df_noisy.csv
[2025-11-05T09:40:21.352+0000] {subprocess.py:93} INFO - [bronze] 已复制 feature.csv 到：/opt/airflow/datamart/bronze/feature_store/financial_df_noisy.csv
[2025-11-05T09:40:21.353+0000] {subprocess.py:93} INFO - [bronze] 已复制 feature.csv 到：/opt/airflow/datamart/bronze/feature_store/contract_df_noisy.csv
[2025-11-05T09:40:21.354+0000] {subprocess.py:93} INFO - [bronze] 已复制 feature.csv 到：/opt/airflow/datamart/bronze/feature_store/service_df_noisy.csv
[2025-11-05T09:40:21.355+0000] {subprocess.py:93} INFO - [bronze] 已复制 feature.csv 到：/opt/airflow/datamart/bronze/feature_store/demographic_df_noisy.csv
[2025-11-05T09:40:21.356+0000] {subprocess.py:93} INFO - [bronze] 已复制 feature.csv 到：/opt/airflow/datamart/bronze/feature_store/demographic_df_noisy.csv
[2025-11-05T09:40:21.357+0000] {subprocess.py:93} INFO - [bronze] 已复制 feature.csv 到：/opt/airflow/datamart/bronze/feature_store/financial_df_noisy.csv
[2025-11-05T09:40:21.358+0000] {subprocess.py:93} INFO - [bronze] 已复制 feature.csv 到：/opt/airflow/datamart/bronze/feature_store/contract_df_noisy.csv
[2025-11-05T09:40:21.359+0000] {subprocess.py:93} INFO - [bronze] 已复制 feature.csv 到：/opt/airflow/datamart/bronze/feature_store/service_df_noisy.csv
[2025-11-05T09:40:21.359+0000] {subprocess.py:93} INFO - [bronze] 已复制 feature.csv 到：/opt/airflow/datamart/bronze/feature_store/demographic_df_noisy.csv
[2025-11-05T09:40:21.360+0000] {subprocess.py:93} INFO - [bronze] 全部完成。
[2025-11-05T09:40:21.372+0000] {subprocess.py:97} INFO - Command exited with return code 0
[2025-11-05T09:40:21.408+0000] {taskinstance.py:340} INFO - ::group::Post task execution logs
[2025-11-05T09:40:21.409+0000] {taskinstance.py:352} INFO - Marking task as SUCCESS. dag_id=e2e_pipeline, task_id=bronze_process, run_id=manual__2025-11-05T09:40:16.944660+00:00, execution_date=20251105T094016, start_date=20251105T094019, end_date=20251105T094021
[2025-11-05T09:40:21.460+0000] {local_task_job_runner.py:266} INFO - Task exited with return code 0
[2025-11-05T09:40:21.490+0000] {taskinstance.py:3900} INFO - 1 downstream tasks scheduled from follow-on schedule check
[2025-11-05T09:40:21.502+0000] {local_task_job_runner.py:245} INFO - ::endgroup::
