[2025-11-07T07:29:49.901+0000] {processor.py:186} INFO - Started process (PID=33) to work on /opt/airflow/dags/e2e_pipeline_dag.py
[2025-11-07T07:29:49.904+0000] {processor.py:914} INFO - Processing file /opt/airflow/dags/e2e_pipeline_dag.py for tasks to queue
[2025-11-07T07:29:49.910+0000] {logging_mixin.py:190} INFO - [2025-11-07T07:29:49.909+0000] {dagbag.py:588} INFO - Filling up the DagBag from /opt/airflow/dags/e2e_pipeline_dag.py
[2025-11-07T07:29:49.952+0000] {processor.py:925} INFO - DAG(s) 'e2e_pipeline' retrieved from /opt/airflow/dags/e2e_pipeline_dag.py
[2025-11-07T07:29:50.013+0000] {logging_mixin.py:190} INFO - [2025-11-07T07:29:50.013+0000] {dag.py:3239} INFO - Sync 1 DAGs
[2025-11-07T07:29:50.029+0000] {logging_mixin.py:190} INFO - [2025-11-07T07:29:50.029+0000] {dag.py:4180} INFO - Setting next_dagrun for e2e_pipeline to None, run_after=None
[2025-11-07T07:29:50.096+0000] {processor.py:208} INFO - Processing /opt/airflow/dags/e2e_pipeline_dag.py took 0.203 seconds
[2025-11-07T07:30:21.239+0000] {processor.py:186} INFO - Started process (PID=34) to work on /opt/airflow/dags/e2e_pipeline_dag.py
[2025-11-07T07:30:21.240+0000] {processor.py:914} INFO - Processing file /opt/airflow/dags/e2e_pipeline_dag.py for tasks to queue
[2025-11-07T07:30:21.243+0000] {logging_mixin.py:190} INFO - [2025-11-07T07:30:21.242+0000] {dagbag.py:588} INFO - Filling up the DagBag from /opt/airflow/dags/e2e_pipeline_dag.py
[2025-11-07T07:30:21.262+0000] {processor.py:925} INFO - DAG(s) 'e2e_pipeline' retrieved from /opt/airflow/dags/e2e_pipeline_dag.py
[2025-11-07T07:30:21.294+0000] {logging_mixin.py:190} INFO - [2025-11-07T07:30:21.293+0000] {dag.py:3239} INFO - Sync 1 DAGs
[2025-11-07T07:30:21.306+0000] {logging_mixin.py:190} INFO - [2025-11-07T07:30:21.306+0000] {dag.py:4180} INFO - Setting next_dagrun for e2e_pipeline to None, run_after=None
[2025-11-07T07:30:21.355+0000] {processor.py:208} INFO - Processing /opt/airflow/dags/e2e_pipeline_dag.py took 0.121 seconds
[2025-11-07T07:30:51.944+0000] {processor.py:186} INFO - Started process (PID=35) to work on /opt/airflow/dags/e2e_pipeline_dag.py
[2025-11-07T07:30:51.945+0000] {processor.py:914} INFO - Processing file /opt/airflow/dags/e2e_pipeline_dag.py for tasks to queue
[2025-11-07T07:30:51.947+0000] {logging_mixin.py:190} INFO - [2025-11-07T07:30:51.947+0000] {dagbag.py:588} INFO - Filling up the DagBag from /opt/airflow/dags/e2e_pipeline_dag.py
[2025-11-07T07:30:51.966+0000] {processor.py:925} INFO - DAG(s) 'e2e_pipeline' retrieved from /opt/airflow/dags/e2e_pipeline_dag.py
[2025-11-07T07:30:51.998+0000] {logging_mixin.py:190} INFO - [2025-11-07T07:30:51.997+0000] {dag.py:3239} INFO - Sync 1 DAGs
[2025-11-07T07:30:52.012+0000] {logging_mixin.py:190} INFO - [2025-11-07T07:30:52.012+0000] {dag.py:4180} INFO - Setting next_dagrun for e2e_pipeline to None, run_after=None
[2025-11-07T07:30:52.061+0000] {processor.py:208} INFO - Processing /opt/airflow/dags/e2e_pipeline_dag.py took 0.123 seconds
[2025-11-07T07:31:22.635+0000] {processor.py:186} INFO - Started process (PID=36) to work on /opt/airflow/dags/e2e_pipeline_dag.py
[2025-11-07T07:31:22.636+0000] {processor.py:914} INFO - Processing file /opt/airflow/dags/e2e_pipeline_dag.py for tasks to queue
[2025-11-07T07:31:22.638+0000] {logging_mixin.py:190} INFO - [2025-11-07T07:31:22.638+0000] {dagbag.py:588} INFO - Filling up the DagBag from /opt/airflow/dags/e2e_pipeline_dag.py
[2025-11-07T07:31:22.656+0000] {processor.py:925} INFO - DAG(s) 'e2e_pipeline' retrieved from /opt/airflow/dags/e2e_pipeline_dag.py
[2025-11-07T07:31:22.690+0000] {logging_mixin.py:190} INFO - [2025-11-07T07:31:22.690+0000] {dag.py:3239} INFO - Sync 1 DAGs
[2025-11-07T07:31:22.706+0000] {logging_mixin.py:190} INFO - [2025-11-07T07:31:22.706+0000] {dag.py:4180} INFO - Setting next_dagrun for e2e_pipeline to None, run_after=None
[2025-11-07T07:31:22.756+0000] {processor.py:208} INFO - Processing /opt/airflow/dags/e2e_pipeline_dag.py took 0.126 seconds
[2025-11-07T07:31:53.374+0000] {processor.py:186} INFO - Started process (PID=37) to work on /opt/airflow/dags/e2e_pipeline_dag.py
[2025-11-07T07:31:53.375+0000] {processor.py:914} INFO - Processing file /opt/airflow/dags/e2e_pipeline_dag.py for tasks to queue
[2025-11-07T07:31:53.377+0000] {logging_mixin.py:190} INFO - [2025-11-07T07:31:53.377+0000] {dagbag.py:588} INFO - Filling up the DagBag from /opt/airflow/dags/e2e_pipeline_dag.py
[2025-11-07T07:31:53.397+0000] {processor.py:925} INFO - DAG(s) 'e2e_pipeline' retrieved from /opt/airflow/dags/e2e_pipeline_dag.py
[2025-11-07T07:31:53.438+0000] {logging_mixin.py:190} INFO - [2025-11-07T07:31:53.438+0000] {dag.py:3239} INFO - Sync 1 DAGs
[2025-11-07T07:31:53.452+0000] {logging_mixin.py:190} INFO - [2025-11-07T07:31:53.452+0000] {dag.py:4180} INFO - Setting next_dagrun for e2e_pipeline to None, run_after=None
[2025-11-07T07:31:53.500+0000] {processor.py:208} INFO - Processing /opt/airflow/dags/e2e_pipeline_dag.py took 0.131 seconds
