[2025-11-05T09:20:22.466+0000] {local_task_job_runner.py:123} INFO - ::group::Pre task execution logs
[2025-11-05T09:20:22.484+0000] {taskinstance.py:2612} INFO - Dependencies all met for dep_context=non-requeueable deps ti=<TaskInstance: e2e_pipeline.catboost_gold_train manual__2025-11-05T09:16:00.264039+00:00 [queued]>
[2025-11-05T09:20:22.498+0000] {taskinstance.py:2612} INFO - Dependencies all met for dep_context=requeueable deps ti=<TaskInstance: e2e_pipeline.catboost_gold_train manual__2025-11-05T09:16:00.264039+00:00 [queued]>
[2025-11-05T09:20:22.499+0000] {taskinstance.py:2865} INFO - Starting attempt 3 of 3
[2025-11-05T09:20:22.535+0000] {taskinstance.py:2888} INFO - Executing <Task(BashOperator): catboost_gold_train> on 2025-11-05 09:16:00.264039+00:00
[2025-11-05T09:20:22.541+0000] {standard_task_runner.py:72} INFO - Started process 336 to run task
[2025-11-05T09:20:22.546+0000] {standard_task_runner.py:104} INFO - Running: ['airflow', 'tasks', 'run', 'e2e_pipeline', 'catboost_gold_train', 'manual__2025-11-05T09:16:00.264039+00:00', '--job-id', '37', '--raw', '--subdir', 'DAGS_FOLDER/e2e_pipeline_dag.py', '--cfg-path', '/tmp/tmppyr4khmj']
[2025-11-05T09:20:22.549+0000] {standard_task_runner.py:105} INFO - Job 37: Subtask catboost_gold_train
[2025-11-05T09:20:22.646+0000] {task_command.py:467} INFO - Running <TaskInstance: e2e_pipeline.catboost_gold_train manual__2025-11-05T09:16:00.264039+00:00 [running]> on host 9d186853eb29
[2025-11-05T09:20:22.763+0000] {taskinstance.py:3131} INFO - Exporting env vars: AIRFLOW_CTX_DAG_OWNER='airflow' AIRFLOW_CTX_DAG_ID='e2e_pipeline' AIRFLOW_CTX_TASK_ID='catboost_gold_train' AIRFLOW_CTX_EXECUTION_DATE='2025-11-05T09:16:00.264039+00:00' AIRFLOW_CTX_TRY_NUMBER='3' AIRFLOW_CTX_DAG_RUN_ID='manual__2025-11-05T09:16:00.264039+00:00'
[2025-11-05T09:20:22.765+0000] {taskinstance.py:731} INFO - ::endgroup::
[2025-11-05T09:20:22.780+0000] {subprocess.py:63} INFO - Tmp dir root location: /tmp
[2025-11-05T09:20:22.782+0000] {subprocess.py:75} INFO - Running command: ['/usr/bin/bash', '-c', 'python /opt/airflow/scripts/catboost_gold_train.py']
[2025-11-05T09:20:22.790+0000] {subprocess.py:86} INFO - Output:
[2025-11-05T09:20:24.325+0000] {subprocess.py:93} INFO - 2025-11-05 09:20:24,324 [INFO] ============================================================
[2025-11-05T09:20:24.326+0000] {subprocess.py:93} INFO - 2025-11-05 09:20:24,324 [INFO] CatBoost Gold Price Prediction - 开始训练
[2025-11-05T09:20:24.327+0000] {subprocess.py:93} INFO - 2025-11-05 09:20:24,324 [INFO] ============================================================
[2025-11-05T09:20:24.328+0000] {subprocess.py:93} INFO - 2025-11-05 09:20:24,325 [INFO]
[2025-11-05T09:20:24.330+0000] {subprocess.py:93} INFO - 配置信息:
[2025-11-05T09:20:24.332+0000] {subprocess.py:93} INFO - 2025-11-05 09:20:24,325 [INFO]   数据路径: ./datamart/gold
[2025-11-05T09:20:24.334+0000] {subprocess.py:93} INFO - 2025-11-05 09:20:24,325 [INFO]   输出路径: ./model_bank/catboost
[2025-11-05T09:20:24.335+0000] {subprocess.py:93} INFO - 2025-11-05 09:20:24,325 [INFO]   训练范围: (2023, 2) - (2024, 4)
[2025-11-05T09:20:24.336+0000] {subprocess.py:93} INFO - 2025-11-05 09:20:24,325 [INFO]   OOT范围:  (2024, 5) - (2024, 9)
[2025-11-05T09:20:24.337+0000] {subprocess.py:93} INFO - 2025-11-05 09:20:24,325 [INFO] ============================================================
[2025-11-05T09:20:24.338+0000] {subprocess.py:93} INFO - 2025-11-05 09:20:24,325 [INFO] 开始读取黄金价格数据...
[2025-11-05T09:20:24.339+0000] {subprocess.py:93} INFO - 2025-11-05 09:20:24,325 [INFO] ============================================================
[2025-11-05T09:20:24.340+0000] {subprocess.py:93} INFO - 2025-11-05 09:20:24,325 [INFO]
[2025-11-05T09:20:24.340+0000] {subprocess.py:93} INFO - 训练集: 2023-02 至 2024-04 (共15个月)
[2025-11-05T09:20:24.341+0000] {subprocess.py:93} INFO - 2025-11-05 09:20:24,325 [INFO] OOT集: 2024-05 至 2024-09 (共5个月)
[2025-11-05T09:20:24.342+0000] {subprocess.py:93} INFO - 2025-11-05 09:20:24,325 [INFO]
[2025-11-05T09:20:24.342+0000] {subprocess.py:93} INFO - 读取训练集数据...
[2025-11-05T09:20:24.343+0000] {subprocess.py:93} INFO - 2025-11-05 09:20:24,325 [INFO] ------------------------------------------------------------
[2025-11-05T09:20:24.344+0000] {subprocess.py:93} INFO - 2025-11-05 09:20:24,326 [WARNING]   ⚠ gold_2023_02_01.csv: 文件不存在
[2025-11-05T09:20:24.345+0000] {subprocess.py:93} INFO - 2025-11-05 09:20:24,326 [WARNING]   ⚠ gold_2023_03_01.csv: 文件不存在
[2025-11-05T09:20:24.346+0000] {subprocess.py:93} INFO - 2025-11-05 09:20:24,326 [WARNING]   ⚠ gold_2023_04_01.csv: 文件不存在
[2025-11-05T09:20:24.346+0000] {subprocess.py:93} INFO - 2025-11-05 09:20:24,326 [WARNING]   ⚠ gold_2023_05_01.csv: 文件不存在
[2025-11-05T09:20:24.347+0000] {subprocess.py:93} INFO - 2025-11-05 09:20:24,326 [WARNING]   ⚠ gold_2023_06_01.csv: 文件不存在
[2025-11-05T09:20:24.348+0000] {subprocess.py:93} INFO - 2025-11-05 09:20:24,326 [WARNING]   ⚠ gold_2023_07_01.csv: 文件不存在
[2025-11-05T09:20:24.348+0000] {subprocess.py:93} INFO - 2025-11-05 09:20:24,326 [WARNING]   ⚠ gold_2023_08_01.csv: 文件不存在
[2025-11-05T09:20:24.349+0000] {subprocess.py:93} INFO - 2025-11-05 09:20:24,326 [WARNING]   ⚠ gold_2023_09_01.csv: 文件不存在
[2025-11-05T09:20:24.349+0000] {subprocess.py:93} INFO - 2025-11-05 09:20:24,326 [WARNING]   ⚠ gold_2023_10_01.csv: 文件不存在
[2025-11-05T09:20:24.350+0000] {subprocess.py:93} INFO - 2025-11-05 09:20:24,327 [WARNING]   ⚠ gold_2023_11_01.csv: 文件不存在
[2025-11-05T09:20:24.350+0000] {subprocess.py:93} INFO - 2025-11-05 09:20:24,327 [WARNING]   ⚠ gold_2023_12_01.csv: 文件不存在
[2025-11-05T09:20:24.351+0000] {subprocess.py:93} INFO - 2025-11-05 09:20:24,327 [WARNING]   ⚠ gold_2024_01_01.csv: 文件不存在
[2025-11-05T09:20:24.352+0000] {subprocess.py:93} INFO - 2025-11-05 09:20:24,327 [WARNING]   ⚠ gold_2024_02_01.csv: 文件不存在
[2025-11-05T09:20:24.352+0000] {subprocess.py:93} INFO - 2025-11-05 09:20:24,327 [WARNING]   ⚠ gold_2024_03_01.csv: 文件不存在
[2025-11-05T09:20:24.353+0000] {subprocess.py:93} INFO - 2025-11-05 09:20:24,327 [WARNING]   ⚠ gold_2024_04_01.csv: 文件不存在
[2025-11-05T09:20:24.354+0000] {subprocess.py:93} INFO - 2025-11-05 09:20:24,327 [ERROR]
[2025-11-05T09:20:24.354+0000] {subprocess.py:93} INFO - ❌ 训练过程出错: 错误: 没有找到任何训练集数据文件！
[2025-11-05T09:20:24.355+0000] {subprocess.py:93} INFO - 2025-11-05 09:20:24,327 [ERROR] 详细错误信息:
[2025-11-05T09:20:24.355+0000] {subprocess.py:93} INFO - Traceback (most recent call last):
[2025-11-05T09:20:24.356+0000] {subprocess.py:93} INFO -   File "/opt/airflow/scripts/catboost_gold_train.py", line 721, in main
[2025-11-05T09:20:24.357+0000] {subprocess.py:93} INFO -     train_df, oot_df = data_loader.load_data()
[2025-11-05T09:20:24.358+0000] {subprocess.py:93} INFO -   File "/opt/airflow/scripts/catboost_gold_train.py", line 141, in load_data
[2025-11-05T09:20:24.358+0000] {subprocess.py:93} INFO -     train_df = self._read_months(train_months, "训练集")
[2025-11-05T09:20:24.359+0000] {subprocess.py:93} INFO -   File "/opt/airflow/scripts/catboost_gold_train.py", line 183, in _read_months
[2025-11-05T09:20:24.360+0000] {subprocess.py:93} INFO -     raise ValueError(f"错误: 没有找到任何{dataset_name}数据文件！")
[2025-11-05T09:20:24.361+0000] {subprocess.py:93} INFO - ValueError: 错误: 没有找到任何训练集数据文件！
[2025-11-05T09:20:24.503+0000] {subprocess.py:97} INFO - Command exited with return code 1
[2025-11-05T09:20:24.518+0000] {taskinstance.py:3310} ERROR - Task failed with exception
Traceback (most recent call last):
  File "/home/airflow/.local/lib/python3.10/site-packages/airflow/models/taskinstance.py", line 767, in _execute_task
    result = _execute_callable(context=context, **execute_callable_kwargs)
  File "/home/airflow/.local/lib/python3.10/site-packages/airflow/models/taskinstance.py", line 733, in _execute_callable
    return ExecutionCallableRunner(
  File "/home/airflow/.local/lib/python3.10/site-packages/airflow/utils/operator_helpers.py", line 252, in run
    return self.func(*args, **kwargs)
  File "/home/airflow/.local/lib/python3.10/site-packages/airflow/models/baseoperator.py", line 406, in wrapper
    return func(self, *args, **kwargs)
  File "/home/airflow/.local/lib/python3.10/site-packages/airflow/operators/bash.py", line 249, in execute
    raise AirflowException(
airflow.exceptions.AirflowException: Bash command failed. The command returned a non-zero exit code 1.
[2025-11-05T09:20:24.523+0000] {taskinstance.py:1225} INFO - Marking task as FAILED. dag_id=e2e_pipeline, task_id=catboost_gold_train, run_id=manual__2025-11-05T09:16:00.264039+00:00, execution_date=20251105T091600, start_date=20251105T092022, end_date=20251105T092024
[2025-11-05T09:20:24.556+0000] {taskinstance.py:340} INFO - ::group::Post task execution logs
[2025-11-05T09:20:24.557+0000] {standard_task_runner.py:124} ERROR - Failed to execute job 37 for task catboost_gold_train (Bash command failed. The command returned a non-zero exit code 1.; 336)
Traceback (most recent call last):
  File "/home/airflow/.local/lib/python3.10/site-packages/airflow/task/task_runner/standard_task_runner.py", line 117, in _start_by_fork
    ret = args.func(args, dag=self.dag)
  File "/home/airflow/.local/lib/python3.10/site-packages/airflow/cli/cli_config.py", line 49, in command
    return func(*args, **kwargs)
  File "/home/airflow/.local/lib/python3.10/site-packages/airflow/utils/cli.py", line 115, in wrapper
    return f(*args, **kwargs)
  File "/home/airflow/.local/lib/python3.10/site-packages/airflow/cli/commands/task_command.py", line 483, in task_run
    task_return_code = _run_task_by_selected_method(args, _dag, ti)
  File "/home/airflow/.local/lib/python3.10/site-packages/airflow/cli/commands/task_command.py", line 256, in _run_task_by_selected_method
    return _run_raw_task(args, ti)
  File "/home/airflow/.local/lib/python3.10/site-packages/airflow/cli/commands/task_command.py", line 341, in _run_raw_task
    return ti._run_raw_task(
  File "/home/airflow/.local/lib/python3.10/site-packages/airflow/utils/session.py", line 97, in wrapper
    return func(*args, session=session, **kwargs)
  File "/home/airflow/.local/lib/python3.10/site-packages/airflow/models/taskinstance.py", line 3004, in _run_raw_task
    return _run_raw_task(
  File "/home/airflow/.local/lib/python3.10/site-packages/airflow/models/taskinstance.py", line 273, in _run_raw_task
    TaskInstance._execute_task_with_callbacks(
  File "/home/airflow/.local/lib/python3.10/site-packages/airflow/models/taskinstance.py", line 3158, in _execute_task_with_callbacks
    result = self._execute_task(context, task_orig)
  File "/home/airflow/.local/lib/python3.10/site-packages/airflow/models/taskinstance.py", line 3182, in _execute_task
    return _execute_task(self, context, task_orig)
  File "/home/airflow/.local/lib/python3.10/site-packages/airflow/models/taskinstance.py", line 767, in _execute_task
    result = _execute_callable(context=context, **execute_callable_kwargs)
  File "/home/airflow/.local/lib/python3.10/site-packages/airflow/models/taskinstance.py", line 733, in _execute_callable
    return ExecutionCallableRunner(
  File "/home/airflow/.local/lib/python3.10/site-packages/airflow/utils/operator_helpers.py", line 252, in run
    return self.func(*args, **kwargs)
  File "/home/airflow/.local/lib/python3.10/site-packages/airflow/models/baseoperator.py", line 406, in wrapper
    return func(self, *args, **kwargs)
  File "/home/airflow/.local/lib/python3.10/site-packages/airflow/operators/bash.py", line 249, in execute
    raise AirflowException(
airflow.exceptions.AirflowException: Bash command failed. The command returned a non-zero exit code 1.
[2025-11-05T09:20:24.570+0000] {local_task_job_runner.py:266} INFO - Task exited with return code 1
[2025-11-05T09:20:24.593+0000] {taskinstance.py:3900} INFO - 0 downstream tasks scheduled from follow-on schedule check
[2025-11-05T09:20:24.611+0000] {local_task_job_runner.py:245} INFO - ::endgroup::
