[2025-11-05T09:45:10.840+0000] {local_task_job_runner.py:123} INFO - ::group::Pre task execution logs
[2025-11-05T09:45:10.856+0000] {taskinstance.py:2612} INFO - Dependencies all met for dep_context=non-requeueable deps ti=<TaskInstance: e2e_pipeline.bronze_process manual__2025-11-05T09:45:06.762932+00:00 [queued]>
[2025-11-05T09:45:10.866+0000] {taskinstance.py:2612} INFO - Dependencies all met for dep_context=requeueable deps ti=<TaskInstance: e2e_pipeline.bronze_process manual__2025-11-05T09:45:06.762932+00:00 [queued]>
[2025-11-05T09:45:10.867+0000] {taskinstance.py:2865} INFO - Starting attempt 1 of 1
[2025-11-05T09:45:10.903+0000] {taskinstance.py:2888} INFO - Executing <Task(BashOperator): bronze_process> on 2025-11-05 09:45:06.762932+00:00
[2025-11-05T09:45:10.909+0000] {standard_task_runner.py:72} INFO - Started process 50 to run task
[2025-11-05T09:45:10.914+0000] {standard_task_runner.py:104} INFO - Running: ['airflow', 'tasks', 'run', 'e2e_pipeline', 'bronze_process', 'manual__2025-11-05T09:45:06.762932+00:00', '--job-id', '31', '--raw', '--subdir', 'DAGS_FOLDER/e2e_pipeline_dag.py', '--cfg-path', '/tmp/tmp27nv5_bg']
[2025-11-05T09:45:10.918+0000] {standard_task_runner.py:105} INFO - Job 31: Subtask bronze_process
[2025-11-05T09:45:10.998+0000] {task_command.py:467} INFO - Running <TaskInstance: e2e_pipeline.bronze_process manual__2025-11-05T09:45:06.762932+00:00 [running]> on host 733ebcbf0503
[2025-11-05T09:45:11.097+0000] {taskinstance.py:3131} INFO - Exporting env vars: AIRFLOW_CTX_DAG_OWNER='airflow' AIRFLOW_CTX_DAG_ID='e2e_pipeline' AIRFLOW_CTX_TASK_ID='bronze_process' AIRFLOW_CTX_EXECUTION_DATE='2025-11-05T09:45:06.762932+00:00' AIRFLOW_CTX_TRY_NUMBER='1' AIRFLOW_CTX_DAG_RUN_ID='manual__2025-11-05T09:45:06.762932+00:00'
[2025-11-05T09:45:11.098+0000] {taskinstance.py:731} INFO - ::endgroup::
[2025-11-05T09:45:11.123+0000] {subprocess.py:63} INFO - Tmp dir root location: /tmp
[2025-11-05T09:45:11.126+0000] {subprocess.py:75} INFO - Running command: ['/usr/bin/bash', '-c', 'python /opt/airflow/scripts/bronze_process.py']
[2025-11-05T09:45:11.134+0000] {subprocess.py:86} INFO - Output:
[2025-11-05T09:45:12.327+0000] {subprocess.py:93} INFO - [bronze] 数据目录：/opt/airflow/data
[2025-11-05T09:45:12.329+0000] {subprocess.py:93} INFO - [bronze] lable输出目录：/opt/airflow/datamart/bronze/label_store
[2025-11-05T09:45:12.329+0000] {subprocess.py:93} INFO - [bronze] feature输出目录：/opt/airflow/datamart/bronze/feature_store
[2025-11-05T09:45:12.330+0000] {subprocess.py:93} INFO - [bronze] 使用标签文件：label.csv
[2025-11-05T09:45:12.331+0000] {subprocess.py:93} INFO - [bronze] 已写出：/opt/airflow/datamart/bronze/label_store/lable_2023_02_01.csv
[2025-11-05T09:45:12.332+0000] {subprocess.py:93} INFO - [bronze] 已写出：/opt/airflow/datamart/bronze/label_store/lable_2023_03_01.csv
[2025-11-05T09:45:12.333+0000] {subprocess.py:93} INFO - [bronze] 已写出：/opt/airflow/datamart/bronze/label_store/lable_2023_04_01.csv
[2025-11-05T09:45:12.334+0000] {subprocess.py:93} INFO - [bronze] 已写出：/opt/airflow/datamart/bronze/label_store/lable_2023_05_01.csv
[2025-11-05T09:45:12.335+0000] {subprocess.py:93} INFO - [bronze] 已写出：/opt/airflow/datamart/bronze/label_store/lable_2023_06_01.csv
[2025-11-05T09:45:12.336+0000] {subprocess.py:93} INFO - [bronze] 已写出：/opt/airflow/datamart/bronze/label_store/lable_2023_07_01.csv
[2025-11-05T09:45:12.338+0000] {subprocess.py:93} INFO - [bronze] 已写出：/opt/airflow/datamart/bronze/label_store/lable_2023_08_01.csv
[2025-11-05T09:45:12.339+0000] {subprocess.py:93} INFO - [bronze] 已写出：/opt/airflow/datamart/bronze/label_store/lable_2023_09_01.csv
[2025-11-05T09:45:12.340+0000] {subprocess.py:93} INFO - [bronze] 已写出：/opt/airflow/datamart/bronze/label_store/lable_2023_10_01.csv
[2025-11-05T09:45:12.341+0000] {subprocess.py:93} INFO - [bronze] 已写出：/opt/airflow/datamart/bronze/label_store/lable_2023_11_01.csv
[2025-11-05T09:45:12.342+0000] {subprocess.py:93} INFO - [bronze] 已写出：/opt/airflow/datamart/bronze/label_store/lable_2023_12_01.csv
[2025-11-05T09:45:12.343+0000] {subprocess.py:93} INFO - [bronze] 已写出：/opt/airflow/datamart/bronze/label_store/lable_2024_01_01.csv
[2025-11-05T09:45:12.343+0000] {subprocess.py:93} INFO - [bronze] 已写出：/opt/airflow/datamart/bronze/label_store/lable_2024_02_01.csv
[2025-11-05T09:45:12.344+0000] {subprocess.py:93} INFO - [bronze] 已写出：/opt/airflow/datamart/bronze/label_store/lable_2024_03_01.csv
[2025-11-05T09:45:12.345+0000] {subprocess.py:93} INFO - [bronze] 已写出：/opt/airflow/datamart/bronze/label_store/lable_2024_04_01.csv
[2025-11-05T09:45:12.346+0000] {subprocess.py:93} INFO - [bronze] 已写出：/opt/airflow/datamart/bronze/label_store/lable_2024_05_01.csv
[2025-11-05T09:45:12.346+0000] {subprocess.py:93} INFO - [bronze] 已写出：/opt/airflow/datamart/bronze/label_store/lable_2024_06_01.csv
[2025-11-05T09:45:12.347+0000] {subprocess.py:93} INFO - [bronze] 已写出：/opt/airflow/datamart/bronze/label_store/lable_2024_07_01.csv
[2025-11-05T09:45:12.348+0000] {subprocess.py:93} INFO - [bronze] 已写出：/opt/airflow/datamart/bronze/label_store/lable_2024_08_01.csv
[2025-11-05T09:45:12.349+0000] {subprocess.py:93} INFO - [bronze] 已写出：/opt/airflow/datamart/bronze/label_store/lable_2024_09_01.csv
[2025-11-05T09:45:12.351+0000] {subprocess.py:93} INFO - [bronze] 共生成 20 个分片文件。
[2025-11-05T09:45:12.352+0000] {subprocess.py:93} INFO - [bronze] 已复制 feature.csv 到：/opt/airflow/datamart/bronze/feature_store/demographic_df_noisy.csv
[2025-11-05T09:45:12.353+0000] {subprocess.py:93} INFO - [bronze] 已复制 feature.csv 到：/opt/airflow/datamart/bronze/feature_store/financial_df_noisy.csv
[2025-11-05T09:45:12.354+0000] {subprocess.py:93} INFO - [bronze] 已复制 feature.csv 到：/opt/airflow/datamart/bronze/feature_store/contract_df_noisy.csv
[2025-11-05T09:45:12.355+0000] {subprocess.py:93} INFO - [bronze] 已复制 feature.csv 到：/opt/airflow/datamart/bronze/feature_store/service_df_noisy.csv
[2025-11-05T09:45:12.355+0000] {subprocess.py:93} INFO - [bronze] 已复制 feature.csv 到：/opt/airflow/datamart/bronze/feature_store/demographic_df_noisy.csv
[2025-11-05T09:45:12.356+0000] {subprocess.py:93} INFO - [bronze] 已复制 feature.csv 到：/opt/airflow/datamart/bronze/feature_store/demographic_df_noisy.csv
[2025-11-05T09:45:12.357+0000] {subprocess.py:93} INFO - [bronze] 已复制 feature.csv 到：/opt/airflow/datamart/bronze/feature_store/financial_df_noisy.csv
[2025-11-05T09:45:12.358+0000] {subprocess.py:93} INFO - [bronze] 已复制 feature.csv 到：/opt/airflow/datamart/bronze/feature_store/contract_df_noisy.csv
[2025-11-05T09:45:12.360+0000] {subprocess.py:93} INFO - [bronze] 已复制 feature.csv 到：/opt/airflow/datamart/bronze/feature_store/service_df_noisy.csv
[2025-11-05T09:45:12.361+0000] {subprocess.py:93} INFO - [bronze] 已复制 feature.csv 到：/opt/airflow/datamart/bronze/feature_store/demographic_df_noisy.csv
[2025-11-05T09:45:12.362+0000] {subprocess.py:93} INFO - [bronze] 全部完成。
[2025-11-05T09:45:12.373+0000] {subprocess.py:97} INFO - Command exited with return code 0
[2025-11-05T09:45:12.410+0000] {taskinstance.py:340} INFO - ::group::Post task execution logs
[2025-11-05T09:45:12.411+0000] {taskinstance.py:352} INFO - Marking task as SUCCESS. dag_id=e2e_pipeline, task_id=bronze_process, run_id=manual__2025-11-05T09:45:06.762932+00:00, execution_date=20251105T094506, start_date=20251105T094510, end_date=20251105T094512
[2025-11-05T09:45:12.453+0000] {local_task_job_runner.py:266} INFO - Task exited with return code 0
[2025-11-05T09:45:12.484+0000] {taskinstance.py:3900} INFO - 1 downstream tasks scheduled from follow-on schedule check
[2025-11-05T09:45:12.496+0000] {local_task_job_runner.py:245} INFO - ::endgroup::
