[2025-11-05T09:40:24.625+0000] {local_task_job_runner.py:123} INFO - ::group::Pre task execution logs
[2025-11-05T09:40:24.661+0000] {taskinstance.py:2612} INFO - Dependencies all met for dep_context=non-requeueable deps ti=<TaskInstance: e2e_pipeline.silver_process manual__2025-11-05T09:40:16.944660+00:00 [queued]>
[2025-11-05T09:40:24.684+0000] {taskinstance.py:2612} INFO - Dependencies all met for dep_context=requeueable deps ti=<TaskInstance: e2e_pipeline.silver_process manual__2025-11-05T09:40:16.944660+00:00 [queued]>
[2025-11-05T09:40:24.685+0000] {taskinstance.py:2865} INFO - Starting attempt 1 of 1
[2025-11-05T09:40:24.751+0000] {taskinstance.py:2888} INFO - Executing <Task(BashOperator): silver_process> on 2025-11-05 09:40:16.944660+00:00
[2025-11-05T09:40:24.759+0000] {standard_task_runner.py:72} INFO - Started process 907 to run task
[2025-11-05T09:40:24.769+0000] {standard_task_runner.py:104} INFO - Running: ['airflow', 'tasks', 'run', 'e2e_pipeline', 'silver_process', 'manual__2025-11-05T09:40:16.944660+00:00', '--job-id', '46', '--raw', '--subdir', 'DAGS_FOLDER/e2e_pipeline_dag.py', '--cfg-path', '/tmp/tmpxxomshpn']
[2025-11-05T09:40:24.774+0000] {standard_task_runner.py:105} INFO - Job 46: Subtask silver_process
[2025-11-05T09:40:24.922+0000] {task_command.py:467} INFO - Running <TaskInstance: e2e_pipeline.silver_process manual__2025-11-05T09:40:16.944660+00:00 [running]> on host 9d186853eb29
[2025-11-05T09:40:25.087+0000] {taskinstance.py:3131} INFO - Exporting env vars: AIRFLOW_CTX_DAG_OWNER='airflow' AIRFLOW_CTX_DAG_ID='e2e_pipeline' AIRFLOW_CTX_TASK_ID='silver_process' AIRFLOW_CTX_EXECUTION_DATE='2025-11-05T09:40:16.944660+00:00' AIRFLOW_CTX_TRY_NUMBER='1' AIRFLOW_CTX_DAG_RUN_ID='manual__2025-11-05T09:40:16.944660+00:00'
[2025-11-05T09:40:25.089+0000] {taskinstance.py:731} INFO - ::endgroup::
[2025-11-05T09:40:25.120+0000] {subprocess.py:63} INFO - Tmp dir root location: /tmp
[2025-11-05T09:40:25.122+0000] {subprocess.py:75} INFO - Running command: ['/usr/bin/bash', '-c', 'python /opt/airflow/scripts/silver_process.py']
[2025-11-05T09:40:25.135+0000] {subprocess.py:86} INFO - Output:
[2025-11-05T09:40:30.771+0000] {subprocess.py:93} INFO - [silver] 读取：/opt/airflow/datamart/bronze/feature_store/demographic_df_noisy.csv
[2025-11-05T09:40:30.772+0000] {subprocess.py:93} INFO - [silver] 读取：/opt/airflow/datamart/bronze/feature_store/financial_df_noisy.csv
[2025-11-05T09:40:30.773+0000] {subprocess.py:93} INFO - [silver] 清洗 demographic_df_noisy ...
[2025-11-05T09:40:30.774+0000] {subprocess.py:93} INFO - [silver] 清洗 financial_df_noisy ...
[2025-11-05T09:40:30.775+0000] {subprocess.py:93} INFO - ✅ Cleaning service_df_noisy...
[2025-11-05T09:40:30.776+0000] {subprocess.py:93} INFO - ✅ Saved cleaned service to: /opt/airflow/datamart/silver/feature_store/service_df_clean.csv
[2025-11-05T09:40:30.776+0000] {subprocess.py:93} INFO - ✅ Cleaning contract_df_noisy...
[2025-11-05T09:40:30.777+0000] {subprocess.py:93} INFO - ✅ Saved cleaned contract to: /opt/airflow/datamart/silver/feature_store/contract_df_clean.csv
[2025-11-05T09:40:30.778+0000] {subprocess.py:93} INFO - [silver] ✅ 导出完成：
[2025-11-05T09:40:30.778+0000] {subprocess.py:93} INFO - [silver]  - /opt/airflow/datamart/silver/feature_store/demographic_df_clean.csv
[2025-11-05T09:40:30.779+0000] {subprocess.py:93} INFO - [silver]  - /opt/airflow/datamart/silver/feature_store/financial_df_clean.csv
[2025-11-05T09:40:30.967+0000] {subprocess.py:97} INFO - Command exited with return code 0
[2025-11-05T09:40:31.030+0000] {taskinstance.py:340} INFO - ::group::Post task execution logs
[2025-11-05T09:40:31.032+0000] {taskinstance.py:352} INFO - Marking task as SUCCESS. dag_id=e2e_pipeline, task_id=silver_process, run_id=manual__2025-11-05T09:40:16.944660+00:00, execution_date=20251105T094016, start_date=20251105T094024, end_date=20251105T094031
[2025-11-05T09:40:31.092+0000] {local_task_job_runner.py:266} INFO - Task exited with return code 0
[2025-11-05T09:40:31.140+0000] {taskinstance.py:3900} INFO - 1 downstream tasks scheduled from follow-on schedule check
[2025-11-05T09:40:31.157+0000] {local_task_job_runner.py:245} INFO - ::endgroup::
[2025-11-05T09:40:31.190+0000] {standard_task_runner.py:217} INFO - Process not found (most likely exited), stop collecting metrics
