[2025-11-05T09:45:30.780+0000] {local_task_job_runner.py:123} INFO - ::group::Pre task execution logs
[2025-11-05T09:45:30.796+0000] {taskinstance.py:2612} INFO - Dependencies all met for dep_context=non-requeueable deps ti=<TaskInstance: e2e_pipeline.logreg_train manual__2025-11-05T09:45:06.762932+00:00 [queued]>
[2025-11-05T09:45:30.810+0000] {taskinstance.py:2612} INFO - Dependencies all met for dep_context=requeueable deps ti=<TaskInstance: e2e_pipeline.logreg_train manual__2025-11-05T09:45:06.762932+00:00 [queued]>
[2025-11-05T09:45:30.811+0000] {taskinstance.py:2865} INFO - Starting attempt 1 of 1
[2025-11-05T09:45:30.850+0000] {taskinstance.py:2888} INFO - Executing <Task(BashOperator): logreg_train> on 2025-11-05 09:45:06.762932+00:00
[2025-11-05T09:45:30.854+0000] {standard_task_runner.py:72} INFO - Started process 156 to run task
[2025-11-05T09:45:30.858+0000] {standard_task_runner.py:104} INFO - Running: ['airflow', 'tasks', 'run', 'e2e_pipeline', 'logreg_train', 'manual__2025-11-05T09:45:06.762932+00:00', '--job-id', '34', '--raw', '--subdir', 'DAGS_FOLDER/e2e_pipeline_dag.py', '--cfg-path', '/tmp/tmpz0za6sxn']
[2025-11-05T09:45:30.861+0000] {standard_task_runner.py:105} INFO - Job 34: Subtask logreg_train
[2025-11-05T09:45:30.944+0000] {task_command.py:467} INFO - Running <TaskInstance: e2e_pipeline.logreg_train manual__2025-11-05T09:45:06.762932+00:00 [running]> on host 733ebcbf0503
[2025-11-05T09:45:31.038+0000] {taskinstance.py:3131} INFO - Exporting env vars: AIRFLOW_CTX_DAG_OWNER='airflow' AIRFLOW_CTX_DAG_ID='e2e_pipeline' AIRFLOW_CTX_TASK_ID='logreg_train' AIRFLOW_CTX_EXECUTION_DATE='2025-11-05T09:45:06.762932+00:00' AIRFLOW_CTX_TRY_NUMBER='1' AIRFLOW_CTX_DAG_RUN_ID='manual__2025-11-05T09:45:06.762932+00:00'
[2025-11-05T09:45:31.040+0000] {taskinstance.py:731} INFO - ::endgroup::
[2025-11-05T09:45:31.051+0000] {subprocess.py:63} INFO - Tmp dir root location: /tmp
[2025-11-05T09:45:31.053+0000] {subprocess.py:75} INFO - Running command: ['/usr/bin/bash', '-c', 'python /opt/airflow/scripts/logreg_train.py']
[2025-11-05T09:45:31.060+0000] {subprocess.py:86} INFO - Output:
[2025-11-05T09:45:36.282+0000] {subprocess.py:93} INFO - [logreg] ROOT=/opt/airflow
[2025-11-05T09:45:36.283+0000] {subprocess.py:93} INFO - [logreg] GOLD_DIR=/opt/airflow/datamart/gold
[2025-11-05T09:45:36.284+0000] {subprocess.py:93} INFO - [logreg] OUT_DIR=/opt/airflow/model_bank/logreg
[2025-11-05T09:45:36.284+0000] {subprocess.py:93} INFO - ✅ 模型已保存到：model_bank/logreg/logreg_model.joblib
[2025-11-05T09:45:36.285+0000] {subprocess.py:93} INFO - 
[2025-11-05T09:45:36.286+0000] {subprocess.py:93} INFO - ==================================================================
[2025-11-05T09:45:36.287+0000] {subprocess.py:93} INFO - TRAIN Set 评估:
[2025-11-05T09:45:36.288+0000] {subprocess.py:93} INFO -               precision    recall  f1-score   support
[2025-11-05T09:45:36.289+0000] {subprocess.py:93} INFO - 
[2025-11-05T09:45:36.289+0000] {subprocess.py:93} INFO -     No Churn       0.91      0.72      0.80      1152
[2025-11-05T09:45:36.290+0000] {subprocess.py:93} INFO -        Churn       0.51      0.81      0.63       421
[2025-11-05T09:45:36.291+0000] {subprocess.py:93} INFO - 
[2025-11-05T09:45:36.292+0000] {subprocess.py:93} INFO -     accuracy                           0.74      1573
[2025-11-05T09:45:36.292+0000] {subprocess.py:93} INFO -    macro avg       0.71      0.76      0.72      1573
[2025-11-05T09:45:36.293+0000] {subprocess.py:93} INFO - weighted avg       0.81      0.74      0.76      1573
[2025-11-05T09:45:36.294+0000] {subprocess.py:93} INFO - 
[2025-11-05T09:45:36.294+0000] {subprocess.py:93} INFO - Accuracy: 0.7438
[2025-11-05T09:45:36.295+0000] {subprocess.py:93} INFO - AUC-ROC: 0.843
[2025-11-05T09:45:36.296+0000] {subprocess.py:93} INFO - 混淆矩阵: [[829, 323], [80, 341]]
[2025-11-05T09:45:36.296+0000] {subprocess.py:93} INFO - TN: 829  FP: 323  FN: 80  TP: 341
[2025-11-05T09:45:36.297+0000] {subprocess.py:93} INFO - [logreg] ROOT=/opt/airflow
[2025-11-05T09:45:36.298+0000] {subprocess.py:93} INFO - [logreg] GOLD_DIR=/opt/airflow/datamart/gold
[2025-11-05T09:45:36.298+0000] {subprocess.py:93} INFO - [logreg] OUT_DIR=/opt/airflow/model_bank/logreg
[2025-11-05T09:45:36.299+0000] {subprocess.py:93} INFO - ✅ 模型已保存到：model_bank/logreg/logreg_model.joblib
[2025-11-05T09:45:36.300+0000] {subprocess.py:93} INFO - 
[2025-11-05T09:45:36.301+0000] {subprocess.py:93} INFO - ==================================================================
[2025-11-05T09:45:36.302+0000] {subprocess.py:93} INFO - TRAIN Set 评估:
[2025-11-05T09:45:36.303+0000] {subprocess.py:93} INFO -               precision    recall  f1-score   support
[2025-11-05T09:45:36.304+0000] {subprocess.py:93} INFO - 
[2025-11-05T09:45:36.305+0000] {subprocess.py:93} INFO -     No Churn       0.91      0.72      0.80      1152
[2025-11-05T09:45:36.306+0000] {subprocess.py:93} INFO -        Churn       0.51      0.81      0.63       421
[2025-11-05T09:45:36.307+0000] {subprocess.py:93} INFO - 
[2025-11-05T09:45:36.307+0000] {subprocess.py:93} INFO -     accuracy                           0.74      1573
[2025-11-05T09:45:36.308+0000] {subprocess.py:93} INFO -    macro avg       0.71      0.76      0.72      1573
[2025-11-05T09:45:36.308+0000] {subprocess.py:93} INFO - weighted avg       0.81      0.74      0.76      1573
[2025-11-05T09:45:36.309+0000] {subprocess.py:93} INFO - 
[2025-11-05T09:45:36.309+0000] {subprocess.py:93} INFO - Accuracy: 0.7438
[2025-11-05T09:45:36.310+0000] {subprocess.py:93} INFO - AUC-ROC: 0.843
[2025-11-05T09:45:36.311+0000] {subprocess.py:93} INFO - 混淆矩阵: [[829, 323], [80, 341]]
[2025-11-05T09:45:36.312+0000] {subprocess.py:93} INFO - TN: 829  FP: 323  FN: 80  TP: 341
[2025-11-05T09:45:36.378+0000] {subprocess.py:97} INFO - Command exited with return code 0
[2025-11-05T09:45:36.417+0000] {taskinstance.py:340} INFO - ::group::Post task execution logs
[2025-11-05T09:45:36.418+0000] {taskinstance.py:352} INFO - Marking task as SUCCESS. dag_id=e2e_pipeline, task_id=logreg_train, run_id=manual__2025-11-05T09:45:06.762932+00:00, execution_date=20251105T094506, start_date=20251105T094530, end_date=20251105T094536
[2025-11-05T09:45:36.462+0000] {local_task_job_runner.py:266} INFO - Task exited with return code 0
[2025-11-05T09:45:36.482+0000] {taskinstance.py:3900} INFO - 0 downstream tasks scheduled from follow-on schedule check
[2025-11-05T09:45:36.483+0000] {local_task_job_runner.py:245} INFO - ::endgroup::
