[2025-11-05T09:52:03.463+0000] {local_task_job_runner.py:123} INFO - ::group::Pre task execution logs
[2025-11-05T09:52:03.477+0000] {taskinstance.py:2612} INFO - Dependencies all met for dep_context=non-requeueable deps ti=<TaskInstance: e2e_pipeline.logreg_train manual__2025-11-05T09:45:06.762932+00:00 [queued]>
[2025-11-05T09:52:03.487+0000] {taskinstance.py:2612} INFO - Dependencies all met for dep_context=requeueable deps ti=<TaskInstance: e2e_pipeline.logreg_train manual__2025-11-05T09:45:06.762932+00:00 [queued]>
[2025-11-05T09:52:03.488+0000] {taskinstance.py:2865} INFO - Starting attempt 2 of 2
[2025-11-05T09:52:03.514+0000] {taskinstance.py:2888} INFO - Executing <Task(BashOperator): logreg_train> on 2025-11-05 09:45:06.762932+00:00
[2025-11-05T09:52:03.520+0000] {standard_task_runner.py:72} INFO - Started process 454 to run task
[2025-11-05T09:52:03.523+0000] {standard_task_runner.py:104} INFO - Running: ['airflow', 'tasks', 'run', 'e2e_pipeline', 'logreg_train', 'manual__2025-11-05T09:45:06.762932+00:00', '--job-id', '38', '--raw', '--subdir', 'DAGS_FOLDER/e2e_pipeline_dag.py', '--cfg-path', '/tmp/tmpabbjk2mu']
[2025-11-05T09:52:03.526+0000] {standard_task_runner.py:105} INFO - Job 38: Subtask logreg_train
[2025-11-05T09:52:03.607+0000] {task_command.py:467} INFO - Running <TaskInstance: e2e_pipeline.logreg_train manual__2025-11-05T09:45:06.762932+00:00 [running]> on host 733ebcbf0503
[2025-11-05T09:52:03.708+0000] {taskinstance.py:3131} INFO - Exporting env vars: AIRFLOW_CTX_DAG_OWNER='airflow' AIRFLOW_CTX_DAG_ID='e2e_pipeline' AIRFLOW_CTX_TASK_ID='logreg_train' AIRFLOW_CTX_EXECUTION_DATE='2025-11-05T09:45:06.762932+00:00' AIRFLOW_CTX_TRY_NUMBER='2' AIRFLOW_CTX_DAG_RUN_ID='manual__2025-11-05T09:45:06.762932+00:00'
[2025-11-05T09:52:03.709+0000] {taskinstance.py:731} INFO - ::endgroup::
[2025-11-05T09:52:03.720+0000] {subprocess.py:63} INFO - Tmp dir root location: /tmp
[2025-11-05T09:52:03.723+0000] {subprocess.py:75} INFO - Running command: ['/usr/bin/bash', '-c', 'python /opt/airflow/scripts/logreg_train.py']
[2025-11-05T09:52:03.729+0000] {subprocess.py:86} INFO - Output:
[2025-11-05T09:52:08.963+0000] {subprocess.py:93} INFO - [logreg] ROOT=/opt/airflow
[2025-11-05T09:52:08.964+0000] {subprocess.py:93} INFO - [logreg] GOLD_DIR=/opt/airflow/datamart/gold
[2025-11-05T09:52:08.965+0000] {subprocess.py:93} INFO - [logreg] OUT_DIR=/opt/airflow/model_bank/logreg
[2025-11-05T09:52:08.966+0000] {subprocess.py:93} INFO - ✅ 模型已保存到：/opt/airflow/model_bank/logreg/logreg_model.joblib
[2025-11-05T09:52:08.967+0000] {subprocess.py:93} INFO - 
[2025-11-05T09:52:08.968+0000] {subprocess.py:93} INFO - ==================================================================
[2025-11-05T09:52:08.968+0000] {subprocess.py:93} INFO - TRAIN Set 评估:
[2025-11-05T09:52:08.969+0000] {subprocess.py:93} INFO -               precision    recall  f1-score   support
[2025-11-05T09:52:08.970+0000] {subprocess.py:93} INFO - 
[2025-11-05T09:52:08.972+0000] {subprocess.py:93} INFO -     No Churn       0.91      0.72      0.80      1152
[2025-11-05T09:52:08.973+0000] {subprocess.py:93} INFO -        Churn       0.51      0.81      0.63       421
[2025-11-05T09:52:08.974+0000] {subprocess.py:93} INFO - 
[2025-11-05T09:52:08.975+0000] {subprocess.py:93} INFO -     accuracy                           0.74      1573
[2025-11-05T09:52:08.975+0000] {subprocess.py:93} INFO -    macro avg       0.71      0.76      0.72      1573
[2025-11-05T09:52:08.976+0000] {subprocess.py:93} INFO - weighted avg       0.81      0.74      0.76      1573
[2025-11-05T09:52:08.977+0000] {subprocess.py:93} INFO - 
[2025-11-05T09:52:08.977+0000] {subprocess.py:93} INFO - Accuracy: 0.7438
[2025-11-05T09:52:08.978+0000] {subprocess.py:93} INFO - AUC-ROC: 0.843
[2025-11-05T09:52:08.978+0000] {subprocess.py:93} INFO - 混淆矩阵: [[829, 323], [80, 341]]
[2025-11-05T09:52:08.979+0000] {subprocess.py:93} INFO - TN: 829  FP: 323  FN: 80  TP: 341
[2025-11-05T09:52:08.979+0000] {subprocess.py:93} INFO - [logreg] ROOT=/opt/airflow
[2025-11-05T09:52:08.980+0000] {subprocess.py:93} INFO - [logreg] GOLD_DIR=/opt/airflow/datamart/gold
[2025-11-05T09:52:08.980+0000] {subprocess.py:93} INFO - [logreg] OUT_DIR=/opt/airflow/model_bank/logreg
[2025-11-05T09:52:08.981+0000] {subprocess.py:93} INFO - ✅ 模型已保存到：/opt/airflow/model_bank/logreg/logreg_model.joblib
[2025-11-05T09:52:08.982+0000] {subprocess.py:93} INFO - 
[2025-11-05T09:52:08.983+0000] {subprocess.py:93} INFO - ==================================================================
[2025-11-05T09:52:08.984+0000] {subprocess.py:93} INFO - TRAIN Set 评估:
[2025-11-05T09:52:08.985+0000] {subprocess.py:93} INFO -               precision    recall  f1-score   support
[2025-11-05T09:52:08.986+0000] {subprocess.py:93} INFO - 
[2025-11-05T09:52:08.987+0000] {subprocess.py:93} INFO -     No Churn       0.91      0.72      0.80      1152
[2025-11-05T09:52:08.988+0000] {subprocess.py:93} INFO -        Churn       0.51      0.81      0.63       421
[2025-11-05T09:52:08.988+0000] {subprocess.py:93} INFO - 
[2025-11-05T09:52:08.989+0000] {subprocess.py:93} INFO -     accuracy                           0.74      1573
[2025-11-05T09:52:08.990+0000] {subprocess.py:93} INFO -    macro avg       0.71      0.76      0.72      1573
[2025-11-05T09:52:08.991+0000] {subprocess.py:93} INFO - weighted avg       0.81      0.74      0.76      1573
[2025-11-05T09:52:08.991+0000] {subprocess.py:93} INFO - 
[2025-11-05T09:52:08.992+0000] {subprocess.py:93} INFO - Accuracy: 0.7438
[2025-11-05T09:52:08.993+0000] {subprocess.py:93} INFO - AUC-ROC: 0.843
[2025-11-05T09:52:08.994+0000] {subprocess.py:93} INFO - 混淆矩阵: [[829, 323], [80, 341]]
[2025-11-05T09:52:08.994+0000] {subprocess.py:93} INFO - TN: 829  FP: 323  FN: 80  TP: 341
[2025-11-05T09:52:09.106+0000] {subprocess.py:97} INFO - Command exited with return code 0
[2025-11-05T09:52:09.165+0000] {taskinstance.py:340} INFO - ::group::Post task execution logs
[2025-11-05T09:52:09.167+0000] {taskinstance.py:352} INFO - Marking task as SUCCESS. dag_id=e2e_pipeline, task_id=logreg_train, run_id=manual__2025-11-05T09:45:06.762932+00:00, execution_date=20251105T094506, start_date=20251105T095203, end_date=20251105T095209
[2025-11-05T09:52:09.221+0000] {local_task_job_runner.py:266} INFO - Task exited with return code 0
[2025-11-05T09:52:09.283+0000] {taskinstance.py:3900} INFO - 1 downstream tasks scheduled from follow-on schedule check
[2025-11-05T09:52:09.297+0000] {local_task_job_runner.py:245} INFO - ::endgroup::
