[2025-11-07T07:29:49.728+0000] {manager.py:483} INFO - Processing files using up to 1 processes at a time 
[2025-11-07T07:29:49.729+0000] {manager.py:484} INFO - Process each file at most once every 30 seconds
[2025-11-07T07:29:49.730+0000] {manager.py:485} INFO - Checking for new files in /opt/airflow/dags every 300 seconds
[2025-11-07T07:29:49.730+0000] {manager.py:821} INFO - Searching for files in /opt/airflow/dags
[2025-11-07T07:29:49.763+0000] {manager.py:824} INFO - There are 1 files in /opt/airflow/dags
[2025-11-07T07:29:50.179+0000] {manager.py:997} INFO - 
================================================================================
DAG File Processing Stats

File Path                              PID    Runtime      # DAGs    # Errors  Last Runtime    Last Run               Last # of DB Queries
-------------------------------------  -----  ---------  --------  ----------  --------------  -------------------  ----------------------
/opt/airflow/dags/e2e_pipeline_dag.py                           1           0  0.31s           2025-11-07T07:29:50                      10
================================================================================
[2025-11-07T07:30:20.101+0000] {manager.py:997} INFO - 
================================================================================
DAG File Processing Stats

File Path                              PID    Runtime      # DAGs    # Errors  Last Runtime    Last Run               Last # of DB Queries
-------------------------------------  -----  ---------  --------  ----------  --------------  -------------------  ----------------------
/opt/airflow/dags/e2e_pipeline_dag.py                           1           0  0.31s           2025-11-07T07:29:50                      10
================================================================================
[2025-11-07T07:30:50.104+0000] {manager.py:997} INFO - 
================================================================================
DAG File Processing Stats

File Path                              PID    Runtime      # DAGs    # Errors  Last Runtime    Last Run               Last # of DB Queries
-------------------------------------  -----  ---------  --------  ----------  --------------  -------------------  ----------------------
/opt/airflow/dags/e2e_pipeline_dag.py                           1           0  0.21s           2025-11-07T07:30:21                      10
================================================================================
[2025-11-07T07:31:20.402+0000] {manager.py:997} INFO - 
================================================================================
DAG File Processing Stats

File Path                              PID    Runtime      # DAGs    # Errors  Last Runtime    Last Run               Last # of DB Queries
-------------------------------------  -----  ---------  --------  ----------  --------------  -------------------  ----------------------
/opt/airflow/dags/e2e_pipeline_dag.py                           1           0  0.21s           2025-11-07T07:30:52                      10
================================================================================
[2025-11-07T07:31:50.687+0000] {manager.py:997} INFO - 
================================================================================
DAG File Processing Stats

File Path                              PID    Runtime      # DAGs    # Errors  Last Runtime    Last Run               Last # of DB Queries
-------------------------------------  -----  ---------  --------  ----------  --------------  -------------------  ----------------------
/opt/airflow/dags/e2e_pipeline_dag.py                           1           0  0.21s           2025-11-07T07:31:22                      10
================================================================================
[2025-11-07T07:32:00.162+0000] {manager.py:465} INFO - Exiting gracefully upon receiving signal 15
